0 info it worked if it ends with ok
1 verbose cli [ 'E:\\Node\\node.exe',
1 verbose cli   'E:\\Node\\node_modules\\npm\\bin\\npm-cli.js',
1 verbose cli   'start' ]
2 info using npm@3.10.10
3 info using node@v6.9.4
4 verbose run-script [ 'prestart', 'start', 'poststart' ]
5 info lifecycle meal_prep_app@1.0.0~prestart: meal_prep_app@1.0.0
6 silly lifecycle meal_prep_app@1.0.0~prestart: no script for prestart, continuing
7 info lifecycle meal_prep_app@1.0.0~start: meal_prep_app@1.0.0
8 verbose lifecycle meal_prep_app@1.0.0~start: unsafe-perm in lifecycle true
9 verbose lifecycle meal_prep_app@1.0.0~start: PATH: E:\Node\node_modules\npm\bin\node-gyp-bin;E:\Projects\meal_prep_app\node_modules\.bin;C:\Users\Mavrick\bin;E:\Program Files (x86)\Git\mingw64\bin;E:\Program Files (x86)\Git\usr\local\bin;E:\Program Files (x86)\Git\usr\bin;E:\Program Files (x86)\Git\usr\bin;E:\Program Files (x86)\Git\mingw64\bin;E:\Program Files (x86)\Git\usr\bin;C:\Users\Mavrick\bin;C:\Program Files (x86)\Intel\iCLS Client;C:\Program Files\Intel\iCLS Client;C:\Windows\system32;C:\Windows;C:\Windows\System32\Wbem;C:\Windows\System32\WindowsPowerShell\v1.0;C:\Program Files\Intel\Intel(R) Management Engine Components\DAL;C:\Program Files (x86)\Intel\Intel(R) Management Engine Components\DAL;C:\Program Files\Intel\Intel(R) Management Engine Components\IPT;C:\Program Files (x86)\Intel\Intel(R) Management Engine Components\IPT;C:\WINDOWS\system32;C:\WINDOWS;C:\WINDOWS\System32\Wbem;C:\WINDOWS\System32\WindowsPowerShell\v1.0;C:\Program Files (x86)\Skype\Phone;C:\Program Files (x86)\Windows Live\Shared;C:\Program Files (x86)\NVIDIA Corporation\PhysX\Common;C:\Program Files\Sublime Text 3;E:\Node;C:\Program Files (x86)\QuickTime\QTSystem;E:\Program Files (x86)\Git\cmd;C:\Ruby23\bin;C:\Users\Mavrick\AppData\Local\Microsoft\WindowsApps;C:\Users\Mavrick\AppData\Roaming\npm;C:\Program Files\MongoDB\Server\3.2\bin;C:\Program Files\Heroku\bin;E:\Program Files (x86)\Git\usr\bin\vendor_perl;E:\Program Files (x86)\Git\usr\bin\core_perl
10 verbose lifecycle meal_prep_app@1.0.0~start: CWD: E:\Projects\meal_prep_app
11 silly lifecycle meal_prep_app@1.0.0~start: Args: [ '/d /s /c', 'nodemon server.js' ]
12 silly lifecycle meal_prep_app@1.0.0~start: Returned: code: 1  signal: null
13 info lifecycle meal_prep_app@1.0.0~start: Failed to exec start script
14 verbose stack Error: meal_prep_app@1.0.0 start: `nodemon server.js`
14 verbose stack Exit status 1
14 verbose stack     at EventEmitter.<anonymous> (E:\Node\node_modules\npm\lib\utils\lifecycle.js:255:16)
14 verbose stack     at emitTwo (events.js:106:13)
14 verbose stack     at EventEmitter.emit (events.js:191:7)
14 verbose stack     at ChildProcess.<anonymous> (E:\Node\node_modules\npm\lib\utils\spawn.js:40:14)
14 verbose stack     at emitTwo (events.js:106:13)
14 verbose stack     at ChildProcess.emit (events.js:191:7)
14 verbose stack     at maybeClose (internal/child_process.js:877:16)
14 verbose stack     at Process.ChildProcess._handle.onexit (internal/child_process.js:226:5)
15 verbose pkgid meal_prep_app@1.0.0
16 verbose cwd E:\Projects\meal_prep_app
17 error Windows_NT 10.0.14393
18 error argv "E:\\Node\\node.exe" "E:\\Node\\node_modules\\npm\\bin\\npm-cli.js" "start"
19 error node v6.9.4
20 error npm  v3.10.10
21 error code ELIFECYCLE
22 error meal_prep_app@1.0.0 start: `nodemon server.js`
22 error Exit status 1
23 error Failed at the meal_prep_app@1.0.0 start script 'nodemon server.js'.
23 error Make sure you have the latest version of node.js and npm installed.
23 error If you do, this is most likely a problem with the meal_prep_app package,
23 error not with npm itself.
23 error Tell the author that this fails on your system:
23 error     nodemon server.js
23 error You can get information on how to open an issue for this project with:
23 error     npm bugs meal_prep_app
23 error Or if that isn't available, you can get their info via:
23 error     npm owner ls meal_prep_app
23 error There is likely additional logging output above.
24 verbose exit [ 1, true ]
